<?xml version="1.0" encoding="UTF-8" ?>
<testsuite errors="0" failures="0" hostname="DESKTOP-KUSIH49" name="dependencyinjection.ClientTest" skipped="0" tests="1" time="0.112" timestamp="2021-04-21T19:19:38">
  <properties>
    <property name="libs.jsp-compiler.javadoc" value="" />
    <property name="netbeans.autoupdate.country" value="ES" />
    <property name="nb.wait.for.caches" value="true" />
    <property name="javac.test.classpath" value="lib/mail.jar:lib/dsn.jar:lib/imap.jar:lib/mailapi.jar:lib/pop3.jar:lib/smtp.jar:build/classes:C:/Users/peria/Desktop/DAW2/repoTravis/lib/junit_4/junit-4.10.jar" />
    <property name="libs.jsf20.maven-pom" value="" />
    <property name="libs.junit.javadoc" value="C:/Users/peria/Desktop/DAW2/repoTravis/lib/junit/junit-3.8.2-api.zip" />
    <property name="javac.test.sourcepath" value="C:\Users\peria\Desktop\DAW2\repoTravis\build\empty" />
    <property name="libs.spring-webmvc4.0.src" value="" />
    <property name="ant.core.lib" value="C:\netbeans\extide\ant\lib\ant.jar" />
    <property name="javadoc.windowtitle" value="" />
    <property name="libs.jsp-compilation.javadoc" value="" />
    <property name="user.dir" value="C:\Users\peria\Desktop\DAW2\repoTravis" />
    <property name="libs.javaee-api-7.0.src" value="" />
    <property name="java.vm.version" value="10.0.1+10" />
    <property name="libs.eclipselinkmodelgen.src" value="" />
    <property name="javadoc.notree" value="false" />
    <property name="netbeans.autoupdate.version" value="1.23" />
    <property name="libs.EclipseLink-GlassFish-v3.classpath" value="C:\Users\peria\Desktop\DAW2\M03\glassfish-4.1.1\glassfish4\glassfish\modules\org.eclipse.persistence.antlr.jar;C:\Users\peria\Desktop\DAW2\M03\glassfish-4.1.1\glassfish4\glassfish\modules\org.eclipse.persistence.asm.jar;C:\Users\peria\Desktop\DAW2\M03\glassfish-4.1.1\glassfish4\glassfish\modules\org.eclipse.persistence.core.jar;C:\Users\peria\Desktop\DAW2\M03\glassfish-4.1.1\glassfish4\glassfish\modules\org.eclipse.persistence.dbws.jar;C:\Users\peria\Desktop\DAW2\M03\glassfish-4.1.1\glassfish4\glassfish\modules\org.eclipse.persistence.jpa.jar;C:\Users\peria\Desktop\DAW2\M03\glassfish-4.1.1\glassfish4\glassfish\modules\org.eclipse.persistence.jpa.jpql.jar;C:\Users\peria\Desktop\DAW2\M03\glassfish-4.1.1\glassfish4\glassfish\modules\org.eclipse.persistence.jpa.modelgen.processor.jar;C:\Users\peria\Desktop\DAW2\M03\glassfish-4.1.1\glassfish4\glassfish\modules\org.eclipse.persistence.moxy.jar;C:\Users\peria\Desktop\DAW2\M03\glassfish-4.1.1\glassfish4\glassfish\modules\org.eclipse.persistence.oracle.jar;C:\Users\peria\Desktop\DAW2\M03\glassfish-4.1.1\glassfish4\glassfish\modules\javax.persistence.jar" />
    <property name="libs.javaee-web-api-6.0.classpath" value="C:\netbeans\enterprise\modules\ext\javaee-web-api-6.0.jar" />
    <property name="libs.Java-EE-GlassFish-v3-Prelude.javadoc" value="C:\netbeans\enterprise\docs\javaee-doc-api.jar" />
    <property name="javac.profile.cmd.line.arg" value="" />
    <property name="jdk.home" value="C:\Program Files\Java\jdk-10.0.1" />
    <property name="libs.javac-api.src" value="" />
    <property name="javadoc.noindex" value="false" />
    <property name="libs.jpa2-persistence.classpath" value="C:\netbeans\java\modules\ext\hibernate4\hibernate-jpa-2.1-api-1.0.0.Final.jar" />
    <property name="sun.os.patch.level" value="" />
    <property name="libs.Java-EE-GlassFish-v3-Prelude.src" value="" />
    <property name="do.archive+manifest.available" value="true" />
    <property name="java.vm.specification.name" value="Java Virtual Machine Specification" />
    <property name="nb.show.statistics.ui" value="usageStatisticsEnabled" />
    <property name="netbeans.autoupdate.variant" value="" />
    <property name="have.tests" value="true" />
    <property name="org.xml.sax.driver" value="com.sun.org.apache.xerces.internal.jaxp.SAXParserImpl$JAXPSAXParser" />
    <property name="libs.hamcrest.classpath" value="C:\netbeans\platform\modules\ext\hamcrest-core-1.3.jar" />
    <property name="ant.file.BaseAillamentDependencies" value="C:\Users\peria\Desktop\DAW2\repoTravis\build.xml" />
    <property name="libs.javac-api.javadoc" value="" />
    <property name="os.name" value="Windows 10" />
    <property name="libs.javaee-endorsed-api-7.0.maven-pom" value="" />
    <property name="ap.proc.none.internal" value="" />
    <property name="libs.TinyLaF.javadoc" value="" />
    <property name="libs.JWSAntTasks.maven-pom" value="" />
    <property name="libs.jstl.classpath" value="C:\netbeans\enterprise\modules\ext\jstl-impl.jar;C:\netbeans\enterprise\modules\ext\jstl-api.jar" />
    <property name="libs.testng.src" value="" />
    <property name="libs.spring-webmvc3.0.src" value="" />
    <property name="java.vendor.url.bug" value="http://bugreport.java.com/bugreport/" />
    <property name="libs.jaxb.maven-pom" value="" />
    <property name="libs.eclipselink.src" value="" />
    <property name="user.name" value="peria" />
    <property name="os.arch" value="amd64" />
    <property name="libs.jsf12.javadoc" value="C:\netbeans\enterprise\docs\javaee-doc-api.jar" />
    <property name="copylibs.rebase" value="true" />
    <property name="libs.Comet-GlassFish-v3.javadoc" value="" />
    <property name="libs.spring-webmvc3.0.maven-pom" value="" />
    <property name="sun.java.command" value="org.apache.tools.ant.taskdefs.optional.junit.JUnitTestRunner dependencyinjection.ClientTest skipNonTests=false filtertrace=true haltOnError=false haltOnFailure=false showoutput=true outputtoformatters=true logfailedtests=true threadid=0 logtestlistenerevents=true formatter=org.apache.tools.ant.taskdefs.optional.junit.BriefJUnitResultFormatter formatter=org.apache.tools.ant.taskdefs.optional.junit.XMLJUnitResultFormatter,C:\Users\peria\Desktop\DAW2\repoTravis\build\test\results\TEST-dependencyinjection.ClientTest.xml crashfile=C:\Users\peria\Desktop\DAW2\repoTravis\build\junitvmwatcher1628355763327358100.properties propsfile=C:\Users\peria\Desktop\DAW2\repoTravis\build\junit6807972600299382832.properties" />
    <property name="build.classes.dir" value="build/classes" />
    <property name="netbeans.accept_license_class" value="org.netbeans.license.AcceptLicense" />
    <property name="build.sysclasspath" value="ignore" />
    <property name="manifest.encoding" value="UTF-8" />
    <property name="ap.supported.internal" value="true" />
    <property name="java.failonerror" value="true" />
    <property name="run.modulepath" value="" />
    <property name="libs.javaee-endorsed-api-7.0.javadoc" value="C:\netbeans\enterprise\docs\javaee-doc-api.jar" />
    <property name="libs.jaxws21.javadoc" value="C:\netbeans\java\docs\jaxws-api-doc.zip" />
    <property name="jdk.debug" value="release" />
    <property name="libs.spring-webmvc4.0.javadoc" value="" />
    <property name="ant.file.BaseAillamentDependencies-impl" value="C:\Users\peria\Desktop\DAW2\repoTravis\nbproject\build-impl.xml" />
    <property name="includes" value="**" />
    <property name="user.country" value="ES" />
    <property name="manifest.file" value="manifest.mf" />
    <property name="javadoc.encoding" value="UTF-8" />
    <property name="javac.classpath" value="lib/mail.jar:lib/dsn.jar:lib/imap.jar:lib/mailapi.jar:lib/pop3.jar:lib/smtp.jar" />
    <property name="libs.jsp-compilation-syscp.src" value="" />
    <property name="libs.JAVADB_DRIVER_LABEL.src" value="" />
    <property name="libs.spring-framework400.classpath" value="C:\netbeans\ide\modules\org-apache-commons-logging.jar;C:\netbeans\java\modules\ext\cglib-2.2.jar;C:\netbeans\java\modules\ext\spring-4\spring-aop-4.0.1.RELEASE.jar;C:\netbeans\java\modules\ext\spring-4\spring-aspects-4.0.1.RELEASE.jar;C:\netbeans\java\modules\ext\spring-4\spring-beans-4.0.1.RELEASE.jar;C:\netbeans\java\modules\ext\spring-4\spring-build-src-4.0.1.RELEASE.jar;C:\netbeans\java\modules\ext\spring-4\spring-context-4.0.1.RELEASE.jar;C:\netbeans\java\modules\ext\spring-4\spring-context-support-4.0.1.RELEASE.jar;C:\netbeans\java\modules\ext\spring-4\spring-core-4.0.1.RELEASE.jar;C:\netbeans\java\modules\ext\spring-4\spring-expression-4.0.1.RELEASE.jar;C:\netbeans\java\modules\ext\spring-4\spring-framework-bom-4.0.1.RELEASE.jar;C:\netbeans\java\modules\ext\spring-4\spring-instrument-4.0.1.RELEASE.jar;C:\netbeans\java\modules\ext\spring-4\spring-instrument-tomcat-4.0.1.RELEASE.jar;C:\netbeans\java\modules\ext\spring-4\spring-jdbc-4.0.1.RELEASE.jar;C:\netbeans\java\modules\ext\spring-4\spring-jms-4.0.1.RELEASE.jar;C:\netbeans\java\modules\ext\spring-4\spring-messaging-4.0.1.RELEASE.jar;C:\netbeans\java\modules\ext\spring-4\spring-orm-4.0.1.RELEASE.jar;C:\netbeans\java\modules\ext\spring-4\spring-oxm-4.0.1.RELEASE.jar;C:\netbeans\java\modules\ext\spring-4\spring-test-4.0.1.RELEASE.jar;C:\netbeans\java\modules\ext\spring-4\spring-tx-4.0.1.RELEASE.jar;C:\netbeans\java\modules\ext\spring-4\spring-web-4.0.1.RELEASE.jar;C:\netbeans\java\modules\ext\spring-4\spring-webmvc-4.0.1.RELEASE.jar;C:\netbeans\java\modules\ext\spring-4\spring-webmvc-portlet-4.0.1.RELEASE.jar;C:\netbeans\java\modules\ext\spring-4\spring-websocket-4.0.1.RELEASE.jar" />
    <property name="debug-transport" value="dt_shmem" />
    <property name="netbeans.home" value="C:\NetBeans\platform" />
    <property name="build.compiler.emacs" value="true" />
    <property name="libs.javaee-web-api-6.0.src" value="" />
    <property name="javac.modulepath" value="" />
    <property name="libs.jsp-compilation-syscp.classpath" value="C:\netbeans\extide\ant\lib\ant.jar;C:\netbeans\enterprise\modules\ext\servlet3.1-jsp2.3-api.jar;C:\netbeans\enterprise\modules\ext\glassfish-jspparser-4.0.jar;C:\netbeans\enterprise\modules\ext\jstl-impl.jar;C:\netbeans\enterprise\modules\ext\jsf-2_2\javax.faces.jar" />
    <property name="libs.Comet-GlassFish-v3.maven-pom" value="" />
    <property name="netbeans.dynamic.classpath" value="C:\NetBeans\platform\core\asm-all-5.0.1.jar;C:\NetBeans\platform\core\core-base.jar;C:\NetBeans\platform\core\core.jar;C:\NetBeans\platform\core\org-netbeans-libs-asm.jar;C:\NetBeans\platform\core\org-openide-filesystems-compat8.jar;C:\NetBeans\platform\core\org-openide-filesystems.jar;C:\NetBeans\nb\core\org-netbeans-upgrader.jar;C:\NetBeans\nb\core\locale\core_nb.jar" />
    <property name="java.vm.specification.version" value="10" />
    <property name="libs.hibernate4-support.src" value="" />
    <property name="plugin.manager.check.updates" value="false" />
    <property name="libs.primefaces.classpath" value="C:\netbeans\enterprise\modules\ext\primefaces\primefaces-5.0.jar" />
    <property name="libs.javaee-api-6.0.classpath" value="C:\netbeans\enterprise\modules\ext\javaee-api-6.0.jar" />
    <property name="netbeans.productversion" value="Apache NetBeans IDE Dev (Build incubator-netbeans-release-302-on-20180517)" />
    <property name="libs.jaxws21.src" value="" />
    <property name="libs.TinyLaF.classpath" value="C:\Users\peria\Desktop\DAW2\M03\tinylaf-1_4_0\tinylaf.jar" />
    <property name="application.title" value="BaseAillamentDependencies" />
    <property name="do.archive" value="true" />
    <property name="netbeans.autoupdate.language" value="es" />
    <property name="java.vendor" value="Oracle Corporation" />
    <property name="libs.javaee-api-6.0.javadoc" value="C:\netbeans\enterprise\docs\javaee-doc-api.jar" />
    <property name="jar.index.metainf" value="false" />
    <property name="javac.debug" value="true" />
    <property name="javadoc.splitindex" value="true" />
    <property name="file.separator" value="\" />
    <property name="libs.Java-EE-GlassFish-v3-Prelude.maven-pom" value="" />
    <property name="libs.junit_4.maven-pom" value="" />
    <property name="mkdist.disabled" value="false" />
    <property name="javac.test.processorpath" value="lib/mail.jar:lib/dsn.jar:lib/imap.jar:lib/mailapi.jar:lib/pop3.jar:lib/smtp.jar:build/classes:C:/Users/peria/Desktop/DAW2/repoTravis/lib/junit_4/junit-4.10.jar" />
    <property name="netbeans.buildnumber" value="incubator-netbeans-release-302-on-20180517" />
    <property name="user.variant" value="" />
    <property name="libs.JWSAntTasks.javadoc" value="" />
    <property name="build.generated.sources.dir" value="build/generated-sources" />
    <property name="libs.eclipselinkmodelgen.classpath" value="C:\netbeans\java\modules\ext\eclipselink\org.eclipse.persistence.jpa.modelgen.processor-2.5.2.jar" />
    <property name="libs.javaee-endorsed-api-7.0.src" value="" />
    <property name="sun.java.launcher" value="SUN_STANDARD" />
    <property name="libs.junit.classpath" value="C:/Users/peria/Desktop/DAW2/repoTravis/lib/junit/junit-3.8.2.jar" />
    <property name="libs.hibernate4-persistencemodelgen.javadoc" value="" />
    <property name="libs.jaxb.javadoc" value="C:\netbeans\ide\docs\jaxb-api-2.2.5-javadoc.jar" />
    <property name="libs.struts.classpath" value="C:\netbeans\enterprise\modules\ext\struts\antlr-2.7.2.jar;C:\netbeans\enterprise\modules\ext\struts\bsf-2.3.0.jar;C:\netbeans\enterprise\modules\ext\struts\commons-beanutils-1.8.0.jar;C:\netbeans\enterprise\modules\ext\struts\commons-chain-1.2.jar;C:\netbeans\enterprise\modules\ext\struts\commons-digester-1.8.jar;C:\netbeans\enterprise\modules\ext\struts\commons-fileupload-1.1.1.jar;C:\netbeans\enterprise\modules\ext\struts\commons-io-1.1.jar;C:\netbeans\enterprise\modules\ext\struts\commons-logging-1.0.4.jar;C:\netbeans\enterprise\modules\ext\struts\commons-validator-1.3.1.jar;C:\netbeans\enterprise\modules\ext\struts\jstl-1.0.2.jar;C:\netbeans\enterprise\modules\ext\struts\oro-2.0.8.jar;C:\netbeans\enterprise\modules\ext\struts\standard-1.0.6.jar;C:\netbeans\enterprise\modules\ext\struts\struts-core-1.3.10.jar;C:\netbeans\enterprise\modules\ext\struts\struts-el-1.3.10.jar;C:\netbeans\enterprise\modules\ext\struts\struts-extras-1.3.10.jar;C:\netbeans\enterprise\modules\ext\struts\struts-faces-1.3.10.jar;C:\netbeans\enterprise\modules\ext\struts\struts-mailreader-dao-1.3.10.jar;C:\netbeans\enterprise\modules\ext\struts\struts-scripting-1.3.10.jar;C:\netbeans\enterprise\modules\ext\struts\struts-taglib-1.3.10.jar;C:\netbeans\enterprise\modules\ext\struts\struts-tiles-1.3.10.jar" />
    <property name="libs.junit_4.src" value="C:/Users/peria/Desktop/DAW2/repoTravis/lib/junit_4/junit-4.10-sources.jar" />
    <property name="ant.home" value="C:\netbeans\extide\ant" />
    <property name="libs.testng.classpath" value="C:\netbeans\platform\modules\ext\testng-6.8.1-dist.jar" />
    <property name="libs.absolutelayout.maven-pom" value="" />
    <property name="ant.java.version" value="9" />
    <property name="java.library.path" value="C:\Program Files\Java\jdk-10.0.1\bin;C:\Windows\Sun\Java\bin;C:\Windows\system32;C:\Windows;C:\Program Files\Java\jdk-10.0.1\bin;C:\Program Files (x86)\Common Files\Oracle\Java\javapath;C:\Program Files\AdoptOpenJDK\jdk-8.0.232.09-hotspot\bin;C:\Windows\system32;C:\Windows;C:\Windows\System32\Wbem;C:\Windows\System32\WindowsPowerShell\v1.0\;C:\Windows\System32\OpenSSH\;C:\Program Files (x86)\CodeBlocks\MinGW;C:\Program Files\dotnet\;C:\Program Files\Microsoft SQL Server\130\Tools\Binn\;C:\Program Files\Microsoft SQL Server\Client SDK\ODBC\170\Tools\Binn\;C:\Program Files\Git\cmd;C:\Program Files\nodejs\;C:\xampp\php;C:\composer;C:\Users\peria\AppData\Local\Programs\git-cola\bin;C:\Users\peria\AppData\Local\Microsoft\WindowsApps;;C:\Users\peria\AppData\Local\Programs\Microsoft VS Code\bin;C:\Users\peria\.dotnet\tools;C:\Program Files\GPAC;C:\Users\peria\AppData\Roaming\npm;C:\Users\peria\AppData\Roaming\Composer\vendor\bin;." />
    <property name="javadoc.author" value="false" />
    <property name="libs.EclipseLink-GlassFish-v3.src" value="" />
    <property name="java.util.logging.config.class" value="org.netbeans.core.startup.TopLogging" />
    <property name="libs.PostgreSQLDriver.src" value="" />
    <property name="libs.spring-framework400.src" value="" />
    <property name="sun.arch.data.model" value="64" />
    <property name="basedir" value="C:\Users\peria\Desktop\DAW2\repoTravis" />
    <property name="libs.jpa20-persistence.maven-pom" value="" />
    <property name="jar.compress" value="false" />
    <property name="libs.javaee-web-api-7.0.classpath" value="C:\netbeans\enterprise\modules\ext\javaee-web-api-7.0.jar" />
    <property name="path.separator" value=";" />
    <property name="ant.junit.enabletestlistenerevents" value="true" />
    <property name="libs.javaee-web-api-6.0.javadoc" value="C:\netbeans\enterprise\docs\javaee-doc-api.jar" />
    <property name="sun.io.unicode.encoding" value="UnicodeLittle" />
    <property name="libs.jaxws21.classpath" value="C:\netbeans\java\modules\ext\jaxws22\FastInfoset.jar;C:\netbeans\java\modules\ext\jaxws22\gmbal-api-only.jar;C:\netbeans\java\modules\ext\jaxws22\ha-api.jar;C:\netbeans\java\modules\ext\jaxws22\javax.mail_1.4.jar;C:\netbeans\java\modules\ext\jaxws22\jaxws-rt.jar;C:\netbeans\java\modules\ext\jaxws22\jaxws-tools.jar;C:\netbeans\java\modules\ext\jaxws22\management-api.jar;C:\netbeans\java\modules\ext\jaxws22\mimepull.jar;C:\netbeans\java\modules\ext\jaxws22\policy.jar;C:\netbeans\java\modules\ext\jaxws22\saaj-impl.jar;C:\netbeans\java\modules\ext\jaxws22\stax-ex.jar;C:\netbeans\java\modules\ext\jaxws22\stax2-api.jar;C:\netbeans\java\modules\ext\jaxws22\streambuffer.jar;C:\netbeans\java\modules\ext\jaxws22\woodstox-core-asl.jar;C:\netbeans\java\modules\ext\jaxws22\api\jaxws-api.jar;C:\netbeans\java\modules\ext\jaxws22\api\jsr181-api.jar;C:\netbeans\java\modules\ext\jaxws22\api\javax.annotation.jar;C:\netbeans\java\modules\ext\jaxws22\api\saaj-api.jar;C:\netbeans\ide\modules\ext\jaxb\activation.jar;C:\netbeans\ide\modules\ext\jaxb\api\jaxb-api.jar" />
    <property name="libs.struts.src" value="" />
    <property name="compile.on.save" value="true" />
    <property name="apple.awt.graphics.UseQuartz" value="true" />
    <property name="user.language" value="es" />
    <property name="testng.mode" value="testng" />
    <property name="libs.JAXB-ENDORSED.maven-pom" value="" />
    <property name="libs.eclipselink.maven-pom" value="" />
    <property name="org.netbeans.io.suspend" value="0" />
    <property name="application.vendor" value="bernat" />
    <property name="test.binaryincludes" value="&lt;nothing&gt;" />
    <property name="manifest.available" value="true" />
    <property name="libs.primefaces.javadoc" value="" />
    <property name="libs.spring-framework300.maven-pom" value="" />
    <property name="ant.project.invoked-targets" value="test" />
    <property name="run.test.classpath" value="lib/mail.jar:lib/dsn.jar:lib/imap.jar:lib/mailapi.jar:lib/pop3.jar:lib/smtp.jar:build/classes:C:/Users/peria/Desktop/DAW2/repoTravis/lib/junit_4/junit-4.10.jar:build/test/classes" />
    <property name="test.binaryexcludes" value="" />
    <property name="sun.java2d.dpiaware" value="true" />
    <property name="file.reference.dsn.jar" value="lib/dsn.jar" />
    <property name="libs.hibernate4-persistence.maven-pom" value="" />
    <property name="libs.PostgreSQLDriver.maven-pom" value="" />
    <property name="libs.JAVADB_DRIVER_LABEL.classpath" value="C:\Users\peria\Desktop\DAW2\M03\glassfish-4.1.1\glassfish4\javadb\lib\derby.jar;C:\Users\peria\Desktop\DAW2\M03\glassfish-4.1.1\glassfish4\javadb\lib\derbyclient.jar;C:\Users\peria\Desktop\DAW2\M03\glassfish-4.1.1\glassfish4\javadb\lib\derbynet.jar" />
    <property name="java.class.version" value="54.0" />
    <property name="libs.hibernate4-persistencemodelgen.maven-pom" value="" />
    <property name="libs.javaee-endorsed-api-6.0.src" value="" />
    <property name="libs.eclipselink.javadoc" value="C:\netbeans\java\modules\ext\docs\javax.persistence-2.1.0-doc.zip" />
    <property name="platforms.JDK_1.8.compiler" value="modern" />
    <property name="libs.jsp-compilation.maven-pom" value="" />
    <property name="user.properties.file" value="C:\Users\peria\AppData\Roaming\NetBeans\dev\build.properties" />
    <property name="runtime.encoding" value="UTF-8" />
    <property name="libs.javaee-api-5.0.maven-pom" value="" />
    <property name="libs.javac-api.maven-pom" value="" />
    <property name="file.encoding.pkg" value="sun.io" />
    <property name="sun.cpu.endian" value="little" />
    <property name="libs.JAXB-ENDORSED.javadoc" value="" />
    <property name="libs.JWSAntTasks.classpath" value="C:\netbeans\java\ant\extra\org-netbeans-modules-javawebstart-anttasks.jar" />
    <property name="libs.spring-webmvc4.0.maven-pom" value="" />
    <property name="libs.spring-framework300.src" value="" />
    <property name="libs.jstl.src" value="" />
    <property name="empty.dir" value="C:\Users\peria\Desktop\DAW2\repoTravis\build\empty" />
    <property name="test.binarytestincludes" value="" />
    <property name="libs.hibernate4-persistencemodelgen.src" value="" />
    <property name="javadoc.preview" value="true" />
    <property name="libs.jpa20-persistence.javadoc" value="C:\netbeans\java\modules\ext\docs\javax.persistence-2.1.0-doc.zip" />
    <property name="java.home" value="C:\Program Files\Java\jdk-10.0.1" />
    <property name="libs.jsp-compilation.src" value="" />
    <property name="libs.javaee-endorsed-api-6.0.classpath" value="C:\netbeans\enterprise\modules\ext\javaee6-endorsed\javax.annotation.jar;C:\netbeans\enterprise\modules\ext\javaee6-endorsed\jaxb-api-osgi.jar;C:\netbeans\enterprise\modules\ext\javaee6-endorsed\webservices-api-osgi.jar" />
    <property name="debug.test.classpath" value="lib/mail.jar:lib/dsn.jar:lib/imap.jar:lib/mailapi.jar:lib/pop3.jar:lib/smtp.jar:build/classes:C:/Users/peria/Desktop/DAW2/repoTravis/lib/junit_4/junit-4.10.jar:build/test/classes" />
    <property name="libs.javaee-api-6.0.src" value="" />
    <property name="javafx.version" value="10.0.1" />
    <property name="netbeans.importclass" value="org.netbeans.upgrade.AutoUpgrade" />
    <property name="annotation.processing.run.all.processors" value="true" />
    <property name="ant.project.default-target" value="default" />
    <property name="libs.PostgreSQLDriver.javadoc" value="" />
    <property name="libraries.dir.nativedirsep" value="C:\Users\peria\Desktop\DAW2\repoTravis\lib" />
    <property name="netbeans.extbrowser.manual_chrome_plugin_install" value="yes" />
    <property name="libs.hibernate4-persistence.javadoc" value="C:\netbeans\java\modules\ext\docs\javax.persistence-2.1.0-doc.zip" />
    <property name="platforms.JDK_1.8.bootclasspath" value="C:\Program Files\Java\jdk1.8.0_181\jre\lib\resources.jar;C:\Program Files\Java\jdk1.8.0_181\jre\lib\rt.jar;C:\Program Files\Java\jdk1.8.0_181\jre\lib\sunrsasign.jar;C:\Program Files\Java\jdk1.8.0_181\jre\lib\jsse.jar;C:\Program Files\Java\jdk1.8.0_181\jre\lib\jce.jar;C:\Program Files\Java\jdk1.8.0_181\jre\lib\charsets.jar;C:\Program Files\Java\jdk1.8.0_181\jre\lib\jfr.jar;C:\Program Files\Java\jdk1.8.0_181\jre\classes;C:\Program Files\Java\jdk1.8.0_181\jre\lib\ext\access-bridge-64.jar;C:\Program Files\Java\jdk1.8.0_181\jre\lib\ext\cldrdata.jar;C:\Program Files\Java\jdk1.8.0_181\jre\lib\ext\dnsns.jar;C:\Program Files\Java\jdk1.8.0_181\jre\lib\ext\jaccess.jar;C:\Program Files\Java\jdk1.8.0_181\jre\lib\ext\jfxrt.jar;C:\Program Files\Java\jdk1.8.0_181\jre\lib\ext\localedata.jar;C:\Program Files\Java\jdk1.8.0_181\jre\lib\ext\nashorn.jar;C:\Program Files\Java\jdk1.8.0_181\jre\lib\ext\sunec.jar;C:\Program Files\Java\jdk1.8.0_181\jre\lib\ext\sunjce_provider.jar;C:\Program Files\Java\jdk1.8.0_181\jre\lib\ext\sunmscapi.jar;C:\Program Files\Java\jdk1.8.0_181\jre\lib\ext\sunpkcs11.jar;C:\Program Files\Java\jdk1.8.0_181\jre\lib\ext\zipfs.jar" />
    <property name="libs.junit_4.javadoc" value="C:/Users/peria/Desktop/DAW2/repoTravis/lib/junit_4/junit-4.10-javadoc.jar" />
    <property name="libs.EclipseLink-GlassFish-v3.maven-pom" value="" />
    <property name="libs.javaee-web-api-6.0.maven-pom" value="" />
    <property name="javac.test.modulepath" value="" />
    <property name="run.classpath" value="lib/mail.jar:lib/dsn.jar:lib/imap.jar:lib/mailapi.jar:lib/pop3.jar:lib/smtp.jar:build/classes" />
    <property name="jna.boot.library.name" value="jnidispatch-440" />
    <property name="libs.javaee-endorsed-api-6.0.javadoc" value="C:\netbeans\enterprise\docs\javaee-doc-api.jar" />
    <property name="libs.TinyLaF.src" value="" />
    <property name="libs.javaee-api-7.0.classpath" value="C:\netbeans\enterprise\modules\ext\javaee-api-7.0.jar" />
    <property name="sun.awt.datatransfer.timeout" value="1000" />
    <property name="libs.spring-webmvc3.0.javadoc" value="" />
    <property name="libs.jpa2-persistence.maven-pom" value="" />
    <property name="annotation.processing.enabled.in.editor" value="false" />
    <property name="libs.hibernate4-support.classpath" value="C:\netbeans\java\modules\ext\hibernate4\antlr-2.7.7.jar;C:\netbeans\java\modules\ext\hibernate4\c3p0-0.9.2.1.jar;C:\netbeans\java\modules\ext\hibernate4\hibernate-c3p0-4.3.1.Final.jar;C:\netbeans\java\modules\ext\hibernate4\mchange-commons-java-0.2.3.4.jar;C:\netbeans\java\modules\ext\hibernate4\dom4j-1.6.1.jar;C:\netbeans\java\modules\ext\hibernate4\ehcache-core-2.4.3.jar;C:\netbeans\java\modules\ext\hibernate4\hibernate-ehcache-4.3.1.Final.jar;C:\netbeans\java\modules\ext\hibernate4\hibernate-core-4.3.1.Final.jar;C:\netbeans\java\modules\ext\hibernate4\jboss-logging-3.1.3.GA.jar;C:\netbeans\java\modules\ext\hibernate4\hibernate-commons-annotations-4.0.4.Final.jar;C:\netbeans\java\modules\ext\hibernate4\hibernate-entitymanager-4.3.1.Final.jar;C:\netbeans\java\modules\ext\hibernate4\javassist-3.18.1-GA.jar;C:\netbeans\java\modules\ext\hibernate4\jboss-transaction-api_1.2_spec-1.0.0.Final.jar;C:\netbeans\java\modules\ext\hibernate4\slf4j-api-1.6.1.jar;C:\netbeans\java\modules\ext\hibernate4\slf4j-simple-1.6.1.jar" />
    <property name="nb.native.filechooser" value="false" />
    <property name="sun.management.compiler" value="HotSpot 64-Bit Tiered Compilers" />
    <property name="javac.deprecation" value="false" />
    <property name="javadoc.use" value="true" />
    <property name="sun.java2d.noddraw" value="true" />
    <property name="libs.jsp-compiler.classpath" value="C:\netbeans\enterprise\ant\extra\jspcompile.jar" />
    <property name="javac.processorpath" value="lib/mail.jar:lib/dsn.jar:lib/imap.jar:lib/mailapi.jar:lib/pop3.jar:lib/smtp.jar" />
    <property name="libs.hamcrest.maven-pom" value="" />
    <property name="javac.compilerargs" value="" />
    <property name="ant.file" value="C:\Users\peria\Desktop\DAW2\repoTravis\build.xml" />
    <property name="libs.hibernate4-support.javadoc" value="C:\netbeans\java\modules\ext\docs\javax.persistence-2.1.0-doc.zip" />
    <property name="libs.jsf12.classpath" value="C:\netbeans\enterprise\modules\ext\jsf-1_2\commons-beanutils.jar;C:\netbeans\enterprise\modules\ext\jsf-1_2\commons-collections.jar;C:\netbeans\enterprise\modules\ext\jsf-1_2\commons-digester.jar;C:\netbeans\enterprise\modules\ext\jsf-1_2\commons-logging.jar;C:\netbeans\enterprise\modules\ext\jsf-1_2\jsf-api.jar;C:\netbeans\enterprise\modules\ext\jsf-1_2\jsf-impl.jar" />
    <property name="libs.Java-EE-GlassFish-v3-Prelude.classpath" value="C:\Users\peria\Desktop\DAW2\M03\glassfish-4.1.1\glassfish4\glassfish\modules\endorsed\javax.annotation-api.jar;C:\Users\peria\Desktop\DAW2\M03\glassfish-4.1.1\glassfish4\glassfish\modules\endorsed\jaxb-api.jar;C:\Users\peria\Desktop\DAW2\M03\glassfish-4.1.1\glassfish4\glassfish\modules\endorsed\webservices-api-osgi.jar;C:\Users\peria\Desktop\DAW2\M03\glassfish-4.1.1\glassfish4\glassfish\modules\bean-validator.jar;C:\Users\peria\Desktop\DAW2\M03\glassfish-4.1.1\glassfish4\glassfish\modules\cdi-api.jar;C:\Users\peria\Desktop\DAW2\M03\glassfish-4.1.1\glassfish4\glassfish\modules\javax.batch-api.jar;C:\Users\peria\Desktop\DAW2\M03\glassfish-4.1.1\glassfish4\glassfish\modules\javax.ejb-api.jar;C:\Users\peria\Desktop\DAW2\M03\glassfish-4.1.1\glassfish4\glassfish\modules\javax.el.jar;C:\Users\peria\Desktop\DAW2\M03\glassfish-4.1.1\glassfish4\glassfish\modules\javax.enterprise.concurrent-api.jar;C:\Users\peria\Desktop\DAW2\M03\glassfish-4.1.1\glassfish4\glassfish\modules\javax.enterprise.concurrent.jar;C:\Users\peria\Desktop\DAW2\M03\glassfish-4.1.1\glassfish4\glassfish\modules\javax.enterprise.deploy-api.jar;C:\Users\peria\Desktop\DAW2\M03\glassfish-4.1.1\glassfish4\glassfish\modules\javax.faces.jar;C:\Users\peria\Desktop\DAW2\M03\glassfish-4.1.1\glassfish4\glassfish\modules\javax.inject.jar;C:\Users\peria\Desktop\DAW2\M03\glassfish-4.1.1\glassfish4\glassfish\modules\javax.interceptor-api.jar;C:\Users\peria\Desktop\DAW2\M03\glassfish-4.1.1\glassfish4\glassfish\modules\javax.jms-api.jar;C:\Users\peria\Desktop\DAW2\M03\glassfish-4.1.1\glassfish4\glassfish\modules\javax.json.jar;C:\Users\peria\Desktop\DAW2\M03\glassfish-4.1.1\glassfish4\glassfish\modules\javax.mail.jar;C:\Users\peria\Desktop\DAW2\M03\glassfish-4.1.1\glassfish4\glassfish\modules\javax.management.j2ee-api.jar;C:\Users\peria\Desktop\DAW2\M03\glassfish-4.1.1\glassfish4\glassfish\modules\javax.persistence.jar;C:\Users\peria\Desktop\DAW2\M03\glassfish-4.1.1\glassfish4\glassfish\modules\javax.resource-api.jar;C:\Users\peria\Desktop\DAW2\M03\glassfish-4.1.1\glassfish4\glassfish\modules\javax.security.auth.message-api.jar;C:\Users\peria\Desktop\DAW2\M03\glassfish-4.1.1\glassfish4\glassfish\modules\javax.security.jacc-api.jar;C:\Users\peria\Desktop\DAW2\M03\glassfish-4.1.1\glassfish4\glassfish\modules\javax.servlet-api.jar;C:\Users\peria\Desktop\DAW2\M03\glassfish-4.1.1\glassfish4\glassfish\modules\javax.servlet.jsp-api.jar;C:\Users\peria\Desktop\DAW2\M03\glassfish-4.1.1\glassfish4\glassfish\modules\javax.servlet.jsp.jar;C:\Users\peria\Desktop\DAW2\M03\glassfish-4.1.1\glassfish4\glassfish\modules\javax.servlet.jsp.jstl-api.jar;C:\Users\peria\Desktop\DAW2\M03\glassfish-4.1.1\glassfish4\glassfish\modules\javax.servlet.jsp.jstl.jar;C:\Users\peria\Desktop\DAW2\M03\glassfish-4.1.1\glassfish4\glassfish\modules\javax.transaction-api.jar;C:\Users\peria\Desktop\DAW2\M03\glassfish-4.1.1\glassfish4\glassfish\modules\javax.websocket-api.jar;C:\Users\peria\Desktop\DAW2\M03\glassfish-4.1.1\glassfish4\glassfish\modules\javax.ws.rs-api.jar;C:\Users\peria\Desktop\DAW2\M03\glassfish-4.1.1\glassfish4\glassfish\modules\javax.xml.registry-api.jar;C:\Users\peria\Desktop\DAW2\M03\glassfish-4.1.1\glassfish4\glassfish\modules\javax.xml.rpc-api.jar;C:\Users\peria\Desktop\DAW2\M03\glassfish-4.1.1\glassfish4\glassfish\modules\jaxb-osgi.jar;C:\Users\peria\Desktop\DAW2\M03\glassfish-4.1.1\glassfish4\glassfish\modules\webservices-osgi.jar;C:\Users\peria\Desktop\DAW2\M03\glassfish-4.1.1\glassfish4\glassfish\modules\weld-osgi-bundle.jar;C:\Users\peria\Desktop\DAW2\M03\glassfish-4.1.1\glassfish4\mq\lib\jaxm-api.jar" />
    <property name="libs.jstl.maven-pom" value="" />
    <property name="libs.javaee-api-5.0.src" value="" />
    <property name="java.vm.specification.vendor" value="Oracle Corporation" />
    <property name="org.openide.major.version" value="IDE/1" />
    <property name="java.vm.name" value="Java HotSpot(TM) 64-Bit Server VM" />
    <property name="netbeans.user" value="C:\Users\peria\AppData\Roaming\NetBeans\dev" />
    <property name="javadoc.additionalparam" value="" />
    <property name="java.io.tmpdir" value="C:\Users\peria\AppData\Local\Temp\" />
    <property name="java.vendor.url" value="http://java.oracle.com/" />
    <property name="file.reference.smtp.jar" value="lib/smtp.jar" />
    <property name="jna.loaded" value="true" />
    <property name="endorsed.classpath.cmd.line.arg" value="" />
    <property name="junit.available" value="true" />
    <property name="libraries.basename" value="nblibraries" />
    <property name="do.jlink" value="false" />
    <property name="libs.javaee-api-5.0.javadoc" value="" />
    <property name="libs.jsp-compiler.src" value="" />
    <property name="org.openide.awt.ActionReference.completion" value="org.netbeans.modules.apisupport.project.layers.PathCompletions" />
    <property name="sun.boot.library.path" value="C:\Program Files\Java\jdk-10.0.1\bin" />
    <property name="have.sources" value="true" />
    <property name="libs.hamcrest.javadoc" value="" />
    <property name="debug.classpath" value="lib/mail.jar:lib/dsn.jar:lib/imap.jar:lib/mailapi.jar:lib/pop3.jar:lib/smtp.jar:build/classes" />
    <property name="javac.external.vm" value="false" />
    <property name="javadoc.private" value="false" />
    <property name="javafx.runtime.version" value="10.0.1+10" />
    <property name="test.src.dir" value="test" />
    <property name="libs.jsf20.classpath" value="C:\netbeans\enterprise\modules\ext\jsf-2_2\javax.faces.jar" />
    <property name="ap.processors.internal" value="" />
    <property name="java.vendor.version" value="18.3" />
    <property name="meta.inf.dir" value="src/META-INF" />
    <property name="javadoc.encoding.used" value="UTF-8" />
    <property name="dist.jar" value="dist/BaseAillamentDependencies.jar" />
    <property name="libs.spring-framework400.maven-pom" value="" />
    <property name="netbeans.automatic.build" value="true" />
    <property name="java.runtime.name" value="Java(TM) SE Runtime Environment" />
    <property name="debug.test.modulepath" value="" />
    <property name="ant.project.name" value="BaseAillamentDependencies" />
    <property name="netbeans.hash.code" value="unique=02b9a3dab-88ae-4167-b9fa-f5ba93acba28_a02f9879-2f33-42bc-b481-71d384ad2811" />
    <property name="netbeans.default_userdir_root" value="C:\Users\peria\AppData\Roaming\NetBeans" />
    <property name="libs.jsp-compilation-syscp.maven-pom" value="" />
    <property name="sun.cpu.isalist" value="amd64" />
    <property name="libs.spring-framework400.javadoc" value="" />
    <property name="libs.CopyLibs.javadoc" value="" />
    <property name="javadoc.html5" value="false" />
    <property name="org.openide.specification.version" value="6.2" />
    <property name="user.home" value="C:\Users\peria" />
    <property name="annotation.processing.processors.list" value="" />
    <property name="libs.primefaces.maven-pom" value="" />
    <property name="sun.zip.disableMemoryMapping" value="true" />
    <property name="libs.javaee-api-6.0.maven-pom" value="" />
    <property name="libs.JWSAntTasks.src" value="" />
    <property name="jar.index" value="false" />
    <property name="libs.CopyLibs.maven-pom" value="" />
    <property name="libs.spring-framework300.javadoc" value="" />
    <property name="libs.absolutelayout.javadoc" value="" />
    <property name="java.specification.name" value="Java Platform API Specification" />
    <property name="jlink.strip" value="false" />
    <property name="libs.CopyLibs.prop-version" value="3.0" />
    <property name="libraries.dir" value="C:/Users/peria/Desktop/DAW2/repoTravis/lib" />
    <property name="do.archive+main.class.available" value="true" />
    <property name="java.specification.vendor" value="Oracle Corporation" />
    <property name="libs.javac-api.classpath" value="" />
    <property name="java.version" value="10.0.1" />
    <property name="run.jvmargs.ide" value="" />
    <property name="javadoc.version" value="false" />
    <property name="javac.processormodulepath" value="" />
    <property name="org.openide.version" value="deprecated" />
    <property name="platform.java" value="C:\Program Files\Java\jdk-10.0.1/bin/java" />
    <property name="source.encoding" value="UTF-8" />
    <property name="ap.cmd.line.internal" value="" />
    <property name="java.vm.compressedOopsMode" value="32-bit" />
    <property name="libs.eclipselinkmodelgen.maven-pom" value="" />
    <property name="libs.jsp-compilation-syscp.javadoc" value="" />
    <property name="libs.eclipselinkmodelgen.javadoc" value="" />
    <property name="libs.javaee-endorsed-api-7.0.classpath" value="C:\netbeans\enterprise\modules\ext\javaee7-endorsed\javax.annotation-api.jar;C:\netbeans\enterprise\modules\ext\javaee7-endorsed\javax.xml.soap-api.jar;C:\netbeans\enterprise\modules\ext\javaee7-endorsed\jaxb-api-osgi.jar;C:\netbeans\enterprise\modules\ext\javaee7-endorsed\jaxws-api.jar;C:\netbeans\enterprise\modules\ext\javaee7-endorsed\jsr181-api.jar" />
    <property name="libs.struts.maven-pom" value="" />
    <property name="netbeans.home+have.tests" value="true" />
    <property name="annotation.processing.processor.options" value="" />
    <property name="libs.testng.maven-pom" value="" />
    <property name="libs.jaxb.src" value="" />
    <property name="work.dir" value="C:\Users\peria\Desktop\DAW2\repoTravis" />
    <property name="libs.jaxb.classpath" value="C:\netbeans\ide\modules\ext\jaxb\jaxb-impl-2.2.5-2.jar;C:\netbeans\ide\modules\ext\jaxb\jaxb-xjc-2.2.5-2.jar;C:\netbeans\ide\modules\ext\jaxb\jaxb1-impl-2.2.5-2.jar;C:\netbeans\ide\modules\ext\jaxb\activation.jar;C:\netbeans\ide\modules\ext\jaxb\api\jaxb-api.jar" />
    <property name="do.depend" value="false" />
    <property name="dist.javadoc.dir" value="dist/javadoc" />
    <property name="libs.spring-webmvc3.0.classpath" value="C:\netbeans\java\modules\ext\spring-3.0\spring-webmvc-3.2.7.RELEASE.jar" />
    <property name="libs.javaee-web-api-7.0.maven-pom" value="" />
    <property name="build.generated.dir" value="build/generated" />
    <property name="javac.source" value="1.8" />
    <property name="java.version.date" value="2018-04-17" />
    <property name="line.separator" value="&#xd;&#xa;" />
    <property name="java.specification.version" value="10" />
    <property name="libs.jaxws21.maven-pom" value="" />
    <property name="java.vm.info" value="mixed mode" />
    <property name="libraries.path" value="C:\Users\peria\Desktop\DAW2\repoTravis\lib\nblibraries.properties" />
    <property name="nb.junit.batch" value="true" />
    <property name="junit.forkmode" value="perTest" />
    <property name="netbeans.logger.console" value="true" />
    <property name="file.reference.pop3.jar" value="lib/pop3.jar" />
    <property name="javac.target" value="1.8" />
    <property name="built-jar.properties" value="C:\Users\peria\Desktop\DAW2\repoTravis\build\built-jar.properties" />
    <property name="build.test.classes.dir" value="build/test/classes" />
    <property name="src.dir" value="src" />
    <property name="javac.test.compilerargs" value="" />
    <property name="sun.awt.keepWorkingSetOnMinimize" value="true" />
    <property name="annotation.processing.enabled" value="true" />
    <property name="libs.jpa2-persistence.src" value="" />
    <property name="libs.jsf20.src" value="" />
    <property name="libs.jpa20-persistence.src" value="" />
    <property name="libs.jsf12.src" value="" />
    <property name="libs.JAVADB_DRIVER_LABEL.maven-pom" value="" />
    <property name="libs.struts.javadoc" value="C:\netbeans\enterprise\docs\struts-1.3.10-javadoc.zip" />
    <property name="ignore.failing.tests" value="true" />
    <property name="libs.Comet-GlassFish-v3.classpath" value="" />
    <property name="libs.javaee-web-api-7.0.src" value="" />
    <property name="libs.primefaces.src" value="" />
    <property name="dist.dir" value="dist" />
    <property name="ant.file.type.BaseAillamentDependencies-impl" value="file" />
    <property name="jlink.launcher" value="false" />
    <property name="testng.debug.mode" value="" />
    <property name="javac.fork" value="false" />
    <property name="java.awt.printerjob" value="sun.awt.windows.WPrinterJob" />
    <property name="default.javac.source" value="10" />
    <property name="debug-transport-by-os" value="dt_shmem" />
    <property name="ant.file.type.BaseAillamentDependencies" value="file" />
    <property name="sun.jnu.encoding" value="Cp1252" />
    <property name="run.test.jvmargs" value="" />
    <property name="java.runtime.version" value="10.0.1+10" />
    <property name="build.test.results.dir" value="build/test/results" />
    <property name="default.javac.target" value="10" />
    <property name="libs.junit_4.classpath" value="C:/Users/peria/Desktop/DAW2/repoTravis/lib/junit_4/junit-4.10.jar" />
    <property name="user.timezone" value="" />
    <property name="nb.junit.single" value="false" />
    <property name="do.jar" value="true" />
    <property name="libs.junit_4.displayName" value="JUnit 4.10" />
    <property name="libs.javaee-endorsed-api-6.0.maven-pom" value="" />
    <property name="libs.JAVADB_DRIVER_LABEL.javadoc" value="" />
    <property name="netbeans.dirs" value="C:\NetBeans\nb;C:\NetBeans\ergonomics;C:\NetBeans\ide;C:\NetBeans\extide;C:\NetBeans\java;C:\NetBeans\apisupport;C:\NetBeans\webcommon;C:\NetBeans\websvccommon;C:\NetBeans\enterprise;C:\NetBeans\mobility;C:\NetBeans\profiler;C:\NetBeans\python;C:\NetBeans\php;C:\NetBeans\identity;C:\NetBeans\harness;C:\NetBeans\cnd;C:\NetBeans\cndext;C:\NetBeans\dlight;C:\NetBeans\groovy;C:\NetBeans\extra;C:\NetBeans\javacard;C:\NetBeans\javafx;C:\NetBeans\dukestudio" />
    <property name="libs.jsf20.javadoc" value="C:\netbeans\enterprise\docs\javaee-doc-api.jar" />
    <property name="libs.jstl.javadoc" value="C:\netbeans\enterprise\docs\javaee-doc-api.jar" />
    <property name="endorsed.classpath" value="" />
    <property name="libs.absolutelayout.classpath" value="C:\netbeans\java\modules\ext\AbsoluteLayout.jar" />
    <property name="excludes" value="" />
    <property name="libs.jpa2-persistence.javadoc" value="C:\netbeans\java\modules\ext\docs\javax.persistence-2.1.0-doc.zip" />
    <property name="java.class.path" value="C:\Users\peria\Desktop\DAW2\repoTravis\lib\mail.jar;C:\Users\peria\Desktop\DAW2\repoTravis\lib\dsn.jar;C:\Users\peria\Desktop\DAW2\repoTravis\lib\imap.jar;C:\Users\peria\Desktop\DAW2\repoTravis\lib\mailapi.jar;C:\Users\peria\Desktop\DAW2\repoTravis\lib\pop3.jar;C:\Users\peria\Desktop\DAW2\repoTravis\lib\smtp.jar;C:\Users\peria\Desktop\DAW2\repoTravis\build\classes;C:\Users\peria\Desktop\DAW2\repoTravis\lib\junit_4\junit-4.10.jar;C:\Users\peria\Desktop\DAW2\repoTravis\build\test\classes;C:\netbeans\extide\ant\lib\ant-launcher.jar;C:\netbeans\extide\ant\lib\ant.jar;C:\netbeans\extide\ant\lib\ant-junit.jar;C:\netbeans\extide\ant\lib\ant-junit4.jar" />
    <property name="apple.laf.useScreenMenuBar" value="true" />
    <property name="file.reference.mail.jar" value="lib/mail.jar" />
    <property name="libs.absolutelayout.src" value="" />
    <property name="libs.jpa20-persistence.classpath" value="C:\netbeans\java\modules\ext\eclipselink\javax.persistence-2.1.0.jar" />
    <property name="os.version" value="10.0" />
    <property name="application.args" value="" />
    <property name="libs.EclipseLink-GlassFish-v3.javadoc" value="C:\netbeans\enterprise\docs\javaee-doc-api.jar" />
    <property name="libs.javaee-api-7.0.maven-pom" value="" />
    <property name="main.class.available" value="true" />
    <property name="sun.awt.enableExtraMouseButtons" value="true" />
    <property name="jlink.launcher.name" value="BaseAillamentDependencies" />
    <property name="sun.desktop" value="windows" />
    <property name="libs.hibernate4-persistence.src" value="" />
    <property name="libs.hibernate4-support.maven-pom" value="" />
    <property name="libs.Comet-GlassFish-v3.src" value="" />
    <property name="nb.internal.action.name" value="test" />
    <property name="run.test.modulepath" value="" />
    <property name="libs.JAXB-ENDORSED.classpath" value="C:\netbeans\ide\modules\ext\jaxb\api\jaxb-api.jar" />
    <property name="libs.eclipselink.classpath" value="C:\netbeans\java\modules\ext\eclipselink\org.eclipse.persistence.core-2.5.2.jar;C:\netbeans\java\modules\ext\eclipselink\org.eclipse.persistence.asm-2.5.2.jar;C:\netbeans\java\modules\ext\eclipselink\org.eclipse.persistence.antlr-2.5.2.jar;C:\netbeans\java\modules\ext\eclipselink\org.eclipse.persistence.jpa-2.5.2.jar;C:\netbeans\java\modules\ext\eclipselink\org.eclipse.persistence.jpa.jpql-2.5.2.jar;C:\netbeans\java\modules\ext\eclipselink\javax.persistence-2.1.0.jar" />
    <property name="libs.javaee-api-7.0.javadoc" value="C:\netbeans\enterprise\docs\javaee-doc-api.jar" />
    <property name="java.awt.graphicsenv" value="sun.awt.Win32GraphicsEnvironment" />
    <property name="libs.junit.displayName" value="JUnit 3.8.2" />
    <property name="java.vm.vendor" value="&quot;Oracle Corporation&quot;" />
    <property name="libs.CopyLibs.classpath" value="C:/Users/peria/Desktop/DAW2/repoTravis/lib/CopyLibs/org-netbeans-modules-java-j2seproject-copylibstask.jar" />
    <property name="libs.spring-framework300.classpath" value="C:\netbeans\ide\modules\org-apache-commons-logging.jar;C:\netbeans\java\modules\ext\cglib-2.2.jar;C:\netbeans\java\modules\ext\spring-3.0\spring-aop-3.2.7.RELEASE.jar;C:\netbeans\java\modules\ext\spring-3.0\spring-aspects-3.2.7.RELEASE.jar;C:\netbeans\java\modules\ext\spring-3.0\spring-beans-3.2.7.RELEASE.jar;C:\netbeans\java\modules\ext\spring-3.0\spring-build-src-3.2.7.RELEASE.jar;C:\netbeans\java\modules\ext\spring-3.0\spring-context-3.2.7.RELEASE.jar;C:\netbeans\java\modules\ext\spring-3.0\spring-context-support-3.2.7.RELEASE.jar;C:\netbeans\java\modules\ext\spring-3.0\spring-core-3.2.7.RELEASE.jar;C:\netbeans\java\modules\ext\spring-3.0\spring-expression-3.2.7.RELEASE.jar;C:\netbeans\java\modules\ext\spring-3.0\spring-framework-bom-3.2.7.RELEASE.jar;C:\netbeans\java\modules\ext\spring-3.0\spring-instrument-3.2.7.RELEASE.jar;C:\netbeans\java\modules\ext\spring-3.0\spring-instrument-tomcat-3.2.7.RELEASE.jar;C:\netbeans\java\modules\ext\spring-3.0\spring-jdbc-3.2.7.RELEASE.jar;C:\netbeans\java\modules\ext\spring-3.0\spring-jms-3.2.7.RELEASE.jar;C:\netbeans\java\modules\ext\spring-3.0\spring-orm-3.2.7.RELEASE.jar;C:\netbeans\java\modules\ext\spring-3.0\spring-oxm-3.2.7.RELEASE.jar;C:\netbeans\java\modules\ext\spring-3.0\spring-struts-3.2.7.RELEASE.jar;C:\netbeans\java\modules\ext\spring-3.0\spring-test-3.2.7.RELEASE.jar;C:\netbeans\java\modules\ext\spring-3.0\spring-tx-3.2.7.RELEASE.jar;C:\netbeans\java\modules\ext\spring-3.0\spring-web-3.2.7.RELEASE.jar;C:\netbeans\java\modules\ext\spring-3.0\spring-webmvc-3.2.7.RELEASE.jar;C:\netbeans\java\modules\ext\spring-3.0\spring-webmvc-portlet-3.2.7.RELEASE.jar" />
    <property name="libs.jsp-compiler.maven-pom" value="" />
    <property name="libs.hamcrest.src" value="" />
    <property name="run.jvmargs" value="" />
    <property name="libs.hibernate4-persistence.classpath" value="C:\netbeans\java\modules\ext\hibernate4\antlr-2.7.7.jar;C:\netbeans\java\modules\ext\hibernate4\c3p0-0.9.2.1.jar;C:\netbeans\java\modules\ext\hibernate4\hibernate-c3p0-4.3.1.Final.jar;C:\netbeans\java\modules\ext\hibernate4\mchange-commons-java-0.2.3.4.jar;C:\netbeans\java\modules\ext\hibernate4\dom4j-1.6.1.jar;C:\netbeans\java\modules\ext\hibernate4\ehcache-core-2.4.3.jar;C:\netbeans\java\modules\ext\hibernate4\hibernate-ehcache-4.3.1.Final.jar;C:\netbeans\java\modules\ext\hibernate4\hibernate-core-4.3.1.Final.jar;C:\netbeans\java\modules\ext\hibernate4\jboss-logging-3.1.3.GA.jar;C:\netbeans\java\modules\ext\hibernate4\hibernate-commons-annotations-4.0.4.Final.jar;C:\netbeans\java\modules\ext\hibernate4\hibernate-entitymanager-4.3.1.Final.jar;C:\netbeans\java\modules\ext\hibernate4\javassist-3.18.1-GA.jar;C:\netbeans\java\modules\ext\hibernate4\jboss-transaction-api_1.2_spec-1.0.0.Final.jar;C:\netbeans\java\modules\ext\hibernate4\slf4j-api-1.6.1.jar;C:\netbeans\java\modules\ext\hibernate4\slf4j-simple-1.6.1.jar;C:\netbeans\java\modules\ext\hibernate4\hibernate-jpa-2.1-api-1.0.0.Final.jar" />
    <property name="file.reference.imap.jar" value="lib/imap.jar" />
    <property name="libs.JAXB-ENDORSED.src" value="" />
    <property name="libs.testng.javadoc" value="C:\netbeans\platform\docs\testng-6.8.1-javadoc.zip" />
    <property name="platforms.JDK_1.8.home" value="C:\Program Files\Java\jdk1.8.0_181" />
    <property name="libs.PostgreSQLDriver.classpath" value="C:\netbeans\ide\modules\ext\postgresql-9.4.1209.jar" />
    <property name="user.script" value="" />
    <property name="libs.jsf12.maven-pom" value="" />
    <property name="libs.hibernate4-persistencemodelgen.classpath" value="C:\netbeans\java\modules\ext\hibernate4\hibernate-jpamodelgen-4.3.1.Final.jar" />
    <property name="libs.TinyLaF.maven-pom" value="" />
    <property name="annotation.processing.source.output" value="build/generated-sources/ap-source-output" />
    <property name="main.class" value="dependencyinjection.DependencyInjection" />
    <property name="build.dir" value="build" />
    <property name="libs.CopyLibs.src" value="" />
    <property name="libs.CopyLibs.displayName" value="CopyLibs Task" />
    <property name="libs.jsp-compilation.classpath" value="C:\netbeans\extide\ant\lib\ant.jar;C:\netbeans\enterprise\modules\ext\servlet3.1-jsp2.3-api.jar;C:\netbeans\enterprise\modules\ext\glassfish-jspparser-4.0.jar;C:\netbeans\enterprise\modules\ext\jsf-2_2\javax.faces.jar;C:\netbeans\enterprise\modules\ext\jstl-api.jar;C:\netbeans\extide\ant\lib\ant-launcher.jar" />
    <property name="debug.modulepath" value="" />
    <property name="ant.version" value="Apache Ant(TM) version 1.10.1 compiled on February 2 2017" />
    <property name="libs.javaee-api-5.0.classpath" value="C:\Users\peria\AppData\Roaming\NetBeans\dev\modules\ext\javaee5.jar" />
    <property name="file.reference.mailapi.jar" value="lib/mailapi.jar" />
    <property name="build.classes.excludes" value="**/*.java,**/*.form" />
    <property name="file.encoding" value="Cp1252" />
    <property name="javadoc.nonavbar" value="false" />
    <property name="jdkBug6558476" value="false" />
    <property name="libs.spring-webmvc4.0.classpath" value="C:\netbeans\java\modules\ext\spring-4\spring-webmvc-4.0.1.RELEASE.jar" />
    <property name="platform.active" value="default_platform" />
    <property name="awt.toolkit" value="sun.awt.windows.WToolkit" />
    <property name="libs.javaee-web-api-7.0.javadoc" value="C:\netbeans\enterprise\docs\javaee-doc-api.jar" />
  </properties>
  <testcase classname="dependencyinjection.ClientTest" name="testCanviarOferta" time="0.004" />
  <system-out><![CDATA[canviarOferta
>Enviant email FALSSSSSSS
]]></system-out>
  <system-err><![CDATA[]]></system-err>
</testsuite>
